

Started GET "/" for 127.0.0.1 at 2014-07-23 09:59:20 +0300
Connecting to database specified by database.yml
Processing by UsersController#new as HTML
Completed 500 Internal Server Error in 12.6ms

ActiveRecord::StatementInvalid (Could not find table 'users'):
  app/controllers/users_controller.rb:23:in `new'
  app/controllers/users_controller.rb:23:in `new'


  Rendered /Users/nico/.rvm/gems/ruby-1.9.3-p484/gems/actionpack-3.2.15/lib/action_dispatch/middleware/templates/rescues/_trace.erb (0.9ms)
  Rendered /Users/nico/.rvm/gems/ruby-1.9.3-p484/gems/actionpack-3.2.15/lib/action_dispatch/middleware/templates/rescues/_request_and_response.erb (0.6ms)
  Rendered /Users/nico/.rvm/gems/ruby-1.9.3-p484/gems/actionpack-3.2.15/lib/action_dispatch/middleware/templates/rescues/diagnostics.erb within rescues/layout (6.8ms)
Connecting to database specified by database.yml
  [1m[36m (1.7ms)[0m  [1mselect sqlite_version(*)[0m
  [1m[35m (1.2ms)[0m  CREATE TABLE "schema_migrations" ("version" varchar(255) NOT NULL) 
  [1m[36m (0.7ms)[0m  [1mCREATE UNIQUE INDEX "unique_schema_migrations" ON "schema_migrations" ("version")[0m
  [1m[35m (1.1ms)[0m  SELECT "schema_migrations"."version" FROM "schema_migrations" 
Migrating to CreateUsers (20120518212100)
  [1m[36m (0.0ms)[0m  [1mbegin transaction[0m
  [1m[35m (0.2ms)[0m  CREATE TABLE "users" ("id" INTEGER PRIMARY KEY AUTOINCREMENT NOT NULL, "name" varchar(255), "created_at" datetime NOT NULL, "updated_at" datetime NOT NULL) 
  [1m[36m (0.1ms)[0m  [1mINSERT INTO "schema_migrations" ("version") VALUES ('20120518212100')[0m
  [1m[35m (0.8ms)[0m  commit transaction
Migrating to CreateProjects (20120523095218)
  [1m[36m (0.0ms)[0m  [1mbegin transaction[0m
  [1m[35m (0.2ms)[0m  CREATE TABLE "projects" ("id" INTEGER PRIMARY KEY AUTOINCREMENT NOT NULL, "name" varchar(255), "description" text, "user_id" integer) 
  [1m[36m (0.1ms)[0m  [1mCREATE INDEX "index_projects_on_user_id" ON "projects" ("user_id")[0m
  [1m[35m (0.1ms)[0m  INSERT INTO "schema_migrations" ("version") VALUES ('20120523095218')
  [1m[36m (0.7ms)[0m  [1mcommit transaction[0m
Migrating to CreateTodos (20120523095357)
  [1m[35m (0.0ms)[0m  begin transaction
  [1m[36m (0.2ms)[0m  [1mCREATE TABLE "todos" ("id" INTEGER PRIMARY KEY AUTOINCREMENT NOT NULL, "description" varchar(255), "model_with_todos_id" integer, "model_with_todos_type" varchar(255)) [0m
  [1m[35m (0.1ms)[0m  CREATE INDEX "index_todos_on_model_with_todos_id" ON "todos" ("model_with_todos_id")
  [1m[36m (0.1ms)[0m  [1mCREATE INDEX "index_todos_on_model_with_todos_type" ON "todos" ("model_with_todos_type")[0m
  [1m[35m (0.1ms)[0m  INSERT INTO "schema_migrations" ("version") VALUES ('20120523095357')
  [1m[36m (0.8ms)[0m  [1mcommit transaction[0m
  [1m[35m (0.1ms)[0m  SELECT "schema_migrations"."version" FROM "schema_migrations" 


Started GET "/" for 127.0.0.1 at 2014-07-23 10:00:25 +0300
Connecting to database specified by database.yml
Processing by UsersController#new as HTML
Completed 500 Internal Server Error in 38.8ms

ActionView::MissingTemplate (Missing template users/edit, application/edit with {:locale=>[:en], :formats=>[:html], :handlers=>[:erb, :builder]}. Searched in:
  * "/Users/nico/Rails/nested_form_fields/spec/dummy/app/views"
):
  app/controllers/users_controller.rb:24:in `new'


  Rendered /Users/nico/.rvm/gems/ruby-1.9.3-p484/gems/actionpack-3.2.15/lib/action_dispatch/middleware/templates/rescues/missing_template.erb within rescues/layout (1.8ms)


Started GET "/users/new" for 127.0.0.1 at 2014-07-23 10:00:55 +0300
Processing by UsersController#new as HTML
Completed 500 Internal Server Error in 0.8ms

ActionView::MissingTemplate (Missing template users/edit, application/edit with {:locale=>[:en], :formats=>[:html], :handlers=>[:erb, :builder]}. Searched in:
  * "/Users/nico/Rails/nested_form_fields/spec/dummy/app/views"
):
  app/controllers/users_controller.rb:24:in `new'


  Rendered /Users/nico/.rvm/gems/ruby-1.9.3-p484/gems/actionpack-3.2.15/lib/action_dispatch/middleware/templates/rescues/missing_template.erb within rescues/layout (0.3ms)


Started GET "/" for 127.0.0.1 at 2014-07-23 10:02:23 +0300
Processing by UsersController#new as HTML
Completed 500 Internal Server Error in 0.8ms

ActionView::MissingTemplate (Missing template users/edit, application/edit with {:locale=>[:en], :formats=>[:html], :handlers=>[:erb, :builder]}. Searched in:
  * "/Users/nico/Rails/nested_form_fields/spec/dummy/app/views"
):
  app/controllers/users_controller.rb:24:in `new'


  Rendered /Users/nico/.rvm/gems/ruby-1.9.3-p484/gems/actionpack-3.2.15/lib/action_dispatch/middleware/templates/rescues/missing_template.erb within rescues/layout (0.4ms)


Started GET "/" for 127.0.0.1 at 2014-07-23 10:07:56 +0300
Connecting to database specified by database.yml
Processing by UsersController#new as HTML
  Rendered users/edit.html.haml within layouts/application (45.9ms)
Compiled normalize.css  (35ms)  (pid 28243)
Compiled users.css  (3ms)  (pid 28243)
Compiled application.css  (183ms)  (pid 28243)
Compiled jquery.js  (1ms)  (pid 28243)
Compiled jquery_ujs.js  (0ms)  (pid 28243)
Compiled nested_form_fields.js  (155ms)  (pid 28243)
Compiled users.js  (92ms)  (pid 28243)
Compiled application.js  (280ms)  (pid 28243)
  Rendered layouts/_navigation.html.haml (0.7ms)
  Rendered layouts/_messages.html.haml (0.8ms)
  [1m[36mUser Load (0.2ms)[0m  [1mSELECT "users".* FROM "users" ORDER BY name[0m
Completed 200 OK in 567.8ms (Views: 538.3ms | ActiveRecord: 1.8ms)


Started GET "/assets/normalize.css?body=1" for 127.0.0.1 at 2014-07-23 10:07:56 +0300
Served asset /normalize.css - 200 OK (4ms)


Started GET "/assets/application.css?body=1" for 127.0.0.1 at 2014-07-23 10:07:56 +0300
Served asset /application.css - 200 OK (3ms)


Started GET "/assets/jquery_ujs.js?body=1" for 127.0.0.1 at 2014-07-23 10:07:56 +0300
Served asset /jquery_ujs.js - 200 OK (19ms)


Started GET "/assets/jquery.js?body=1" for 127.0.0.1 at 2014-07-23 10:07:56 +0300
Served asset /jquery.js - 200 OK (1ms)


Started GET "/assets/users.css?body=1" for 127.0.0.1 at 2014-07-23 10:07:56 +0300
Served asset /users.css - 200 OK (1ms)


Started GET "/assets/nested_form_fields.js?body=1" for 127.0.0.1 at 2014-07-23 10:07:56 +0300
Served asset /nested_form_fields.js - 200 OK (1ms)


Started GET "/assets/users.js?body=1" for 127.0.0.1 at 2014-07-23 10:07:57 +0300
Served asset /users.js - 200 OK (1ms)


Started GET "/assets/application.js?body=1" for 127.0.0.1 at 2014-07-23 10:07:57 +0300
Served asset /application.js - 200 OK (3ms)


Started GET "/" for 127.0.0.1 at 2014-07-23 10:17:46 +0300
Connecting to database specified by database.yml
Processing by UsersController#new as HTML
  Rendered users/edit.html.haml within layouts/application (46.4ms)
Compiled nested_form_fields.js  (161ms)  (pid 29718)
Compiled application.js  (3ms)  (pid 29718)
  Rendered layouts/_navigation.html.haml (0.6ms)
  Rendered layouts/_messages.html.haml (0.7ms)
  [1m[36mUser Load (0.1ms)[0m  [1mSELECT "users".* FROM "users" ORDER BY name[0m
Completed 200 OK in 272.5ms (Views: 243.3ms | ActiveRecord: 1.9ms)


Started GET "/assets/jquery.js?body=1" for 127.0.0.1 at 2014-07-23 10:17:46 +0300
Served asset /jquery.js - 200 OK (3ms)


Started GET "/assets/jquery_ujs.js?body=1" for 127.0.0.1 at 2014-07-23 10:17:46 +0300
Served asset /jquery_ujs.js - 200 OK (21ms)


Started GET "/assets/application.css?body=1" for 127.0.0.1 at 2014-07-23 10:17:46 +0300
Served asset /application.css - 200 OK (9ms)


Started GET "/assets/users.css?body=1" for 127.0.0.1 at 2014-07-23 10:17:46 +0300
Served asset /users.css - 200 OK (1ms)


Started GET "/assets/nested_form_fields.js?body=1" for 127.0.0.1 at 2014-07-23 10:17:46 +0300
Served asset /nested_form_fields.js - 200 OK (2ms)


Started GET "/assets/normalize.css?body=1" for 127.0.0.1 at 2014-07-23 10:17:46 +0300
Served asset /normalize.css - 200 OK (1ms)


Started GET "/assets/users.js?body=1" for 127.0.0.1 at 2014-07-23 10:17:46 +0300
Served asset /users.js - 200 OK (2ms)


Started GET "/assets/application.js?body=1" for 127.0.0.1 at 2014-07-23 10:17:46 +0300
Served asset /application.js - 200 OK (7ms)


Started POST "/users" for 127.0.0.1 at 2014-07-23 10:18:52 +0300
Processing by UsersController#create as HTML
  Parameters: {"utf8"=>"✓", "authenticity_token"=>"+9YZ/C5wvq3T0W4YNpL4hQxCZZEtmzQ8My5dcEckEBc=", "user"=>{"name"=>"", "projects_attributes"=>{"0"=>{"_destroy"=>"1", "name"=>"", "description"=>""}}}, "commit"=>"Create User"}
  [1m[35m (0.1ms)[0m  begin transaction
  [1m[36mSQL (5.2ms)[0m  [1mINSERT INTO "users" ("created_at", "name", "updated_at") VALUES (?, ?, ?)[0m  [["created_at", Wed, 23 Jul 2014 07:18:52 UTC +00:00], ["name", ""], ["updated_at", Wed, 23 Jul 2014 07:18:52 UTC +00:00]]
  [1m[35m (0.6ms)[0m  commit transaction
Redirected to http://localhost:3000/users/1/edit
Completed 302 Found in 9.9ms (ActiveRecord: 5.9ms)


Started GET "/users/1/edit" for 127.0.0.1 at 2014-07-23 10:18:52 +0300
Processing by UsersController#edit as HTML
  Parameters: {"id"=>"1"}
  [1m[36mUser Load (0.2ms)[0m  [1mSELECT "users".* FROM "users" WHERE "users"."id" = ? LIMIT 1[0m  [["id", "1"]]
  [1m[35mProject Load (0.1ms)[0m  SELECT "projects".* FROM "projects" WHERE "projects"."user_id" = 1
  Rendered users/edit.html.haml within layouts/application (10.1ms)
  Rendered layouts/_navigation.html.haml (0.0ms)
  Rendered layouts/_messages.html.haml (0.1ms)
  [1m[36mUser Load (0.1ms)[0m  [1mSELECT "users".* FROM "users" ORDER BY name[0m
Completed 200 OK in 27.9ms (Views: 26.0ms | ActiveRecord: 0.4ms)


Started GET "/assets/application.css?body=1" for 127.0.0.1 at 2014-07-23 10:18:52 +0300
Served asset /application.css - 304 Not Modified (0ms)


Started GET "/assets/normalize.css?body=1" for 127.0.0.1 at 2014-07-23 10:18:52 +0300
Served asset /normalize.css - 304 Not Modified (0ms)


Started GET "/assets/users.css?body=1" for 127.0.0.1 at 2014-07-23 10:18:52 +0300
Served asset /users.css - 304 Not Modified (0ms)


Started GET "/assets/jquery.js?body=1" for 127.0.0.1 at 2014-07-23 10:18:52 +0300
Served asset /jquery.js - 304 Not Modified (0ms)


Started GET "/assets/jquery_ujs.js?body=1" for 127.0.0.1 at 2014-07-23 10:18:52 +0300
Served asset /jquery_ujs.js - 304 Not Modified (0ms)


Started GET "/assets/nested_form_fields.js?body=1" for 127.0.0.1 at 2014-07-23 10:18:52 +0300
Served asset /nested_form_fields.js - 304 Not Modified (0ms)


Started GET "/assets/users.js?body=1" for 127.0.0.1 at 2014-07-23 10:18:52 +0300
Served asset /users.js - 304 Not Modified (0ms)


Started GET "/assets/application.js?body=1" for 127.0.0.1 at 2014-07-23 10:18:52 +0300
Served asset /application.js - 304 Not Modified (0ms)


Started PUT "/users/1" for 127.0.0.1 at 2014-07-23 10:20:13 +0300
Processing by UsersController#update as HTML
  Parameters: {"utf8"=>"✓", "authenticity_token"=>"+9YZ/C5wvq3T0W4YNpL4hQxCZZEtmzQ8My5dcEckEBc=", "user"=>{"name"=>"", "projects_attributes"=>{"0"=>{"_destroy"=>"1", "name"=>"", "description"=>""}}}, "commit"=>"Update User", "id"=>"1"}
  [1m[35mUser Load (0.1ms)[0m  SELECT "users".* FROM "users" WHERE "users"."id" = ? LIMIT 1  [["id", "1"]]
  [1m[36m (0.0ms)[0m  [1mbegin transaction[0m
  [1m[35m (0.0ms)[0m  commit transaction
  [1m[36mProject Load (0.1ms)[0m  [1mSELECT "projects".* FROM "projects" WHERE "projects"."user_id" = 1[0m
  Rendered users/edit.html.haml within layouts/application (5.7ms)
  Rendered layouts/_navigation.html.haml (0.1ms)
  Rendered layouts/_messages.html.haml (0.1ms)
  [1m[35mUser Load (0.1ms)[0m  SELECT "users".* FROM "users" ORDER BY name
Completed 200 OK in 30.2ms (Views: 27.5ms | ActiveRecord: 0.4ms)


Started GET "/assets/application.css?body=1" for 127.0.0.1 at 2014-07-23 10:20:13 +0300
Served asset /application.css - 304 Not Modified (0ms)


Started GET "/assets/normalize.css?body=1" for 127.0.0.1 at 2014-07-23 10:20:13 +0300
Served asset /normalize.css - 304 Not Modified (0ms)


Started GET "/assets/users.css?body=1" for 127.0.0.1 at 2014-07-23 10:20:13 +0300
Served asset /users.css - 304 Not Modified (0ms)


Started GET "/assets/jquery.js?body=1" for 127.0.0.1 at 2014-07-23 10:20:13 +0300
Served asset /jquery.js - 304 Not Modified (0ms)


Started GET "/assets/jquery_ujs.js?body=1" for 127.0.0.1 at 2014-07-23 10:20:13 +0300
Served asset /jquery_ujs.js - 304 Not Modified (0ms)


Started GET "/assets/nested_form_fields.js?body=1" for 127.0.0.1 at 2014-07-23 10:20:13 +0300
Served asset /nested_form_fields.js - 304 Not Modified (0ms)


Started GET "/assets/users.js?body=1" for 127.0.0.1 at 2014-07-23 10:20:13 +0300
Served asset /users.js - 304 Not Modified (0ms)


Started GET "/assets/application.js?body=1" for 127.0.0.1 at 2014-07-23 10:20:13 +0300
Served asset /application.js - 304 Not Modified (0ms)
